This file contains any messages produced by compilers while
running configure, to aid debugging if configure makes a mistake.

It was created by cmappertools configure 1.0.19, which was
generated by GNU Autoconf 2.69.  Invocation command line was

  $ /home/tmcroy/mapper/mapper/cmappertools/configure 

## --------- ##
## Platform. ##
## --------- ##

hostname = tmcroy
uname -m = x86_64
uname -r = 3.16.0-23-generic
uname -s = Linux
uname -v = #31-Ubuntu SMP Tue Oct 21 17:56:17 UTC 2014

/usr/bin/uname -p = unknown
/bin/uname -X     = unknown

/bin/arch              = unknown
/usr/bin/arch -k       = unknown
/usr/convex/getsysinfo = unknown
/usr/bin/hostinfo      = unknown
/bin/machine           = unknown
/usr/bin/oslevel       = unknown
/bin/universe          = unknown

PATH: /usr/local/sbin
PATH: /usr/local/bin
PATH: /usr/sbin
PATH: /usr/bin
PATH: /sbin
PATH: /bin
PATH: /usr/games
PATH: /usr/local/games


## ----------- ##
## Core tests. ##
## ----------- ##

configure:2324: checking for a Python interpreter with version >= 2.7
configure:2341: python -c import sys # split strings by '.' and convert to numeric. Append some zeros # because we need at least 4 digits for the hex conversion. # map returns an iterator in Python 3.0 and a list in 2.x minver = list(map(int, '2.7'.split('.'))) + [0, 0, 0] minverhex = 0 # xrange is not present in Python 3.0 and range returns an iterator for i in list(range(0, 4)): minverhex = (minverhex << 8) + minver[i] sys.exit(sys.hexversion < minverhex)
configure:2344: $? = 0
configure:2350: result: python
configure:2358: checking for python
configure:2376: found /usr/bin/python
configure:2388: result: /usr/bin/python
configure:2406: checking for python version
configure:2413: result: 2.7
configure:2425: checking for python platform
configure:2432: result: linux2
configure:2458: checking for python script directory
configure:2493: result: ${prefix}/lib/python2.7/dist-packages
configure:2502: checking for python extension module directory
configure:2537: result: ${exec_prefix}/lib/python2.7/dist-packages
configure:2609: checking build system type
configure:2623: result: x86_64-unknown-linux-gnu
configure:2643: checking host system type
configure:2656: result: x86_64-unknown-linux-gnu
configure:2697: checking how to print strings
configure:2724: result: printf
configure:2796: checking for gcc
configure:2812: found /usr/bin/gcc
configure:2823: result: gcc
configure:3052: checking for C compiler version
configure:3061: gcc --version >&5
gcc (Ubuntu 4.9.1-16ubuntu6) 4.9.1
Copyright (C) 2014 Free Software Foundation, Inc.
This is free software; see the source for copying conditions.  There is NO
warranty; not even for MERCHANTABILITY or FITNESS FOR A PARTICULAR PURPOSE.

configure:3072: $? = 0
configure:3061: gcc -v >&5
Using built-in specs.
COLLECT_GCC=gcc
COLLECT_LTO_WRAPPER=/usr/lib/gcc/x86_64-linux-gnu/4.9/lto-wrapper
Target: x86_64-linux-gnu
Configured with: ../src/configure -v --with-pkgversion='Ubuntu 4.9.1-16ubuntu6' --with-bugurl=file:///usr/share/doc/gcc-4.9/README.Bugs --enable-languages=c,c++,java,go,d,fortran,objc,obj-c++ --prefix=/usr --program-suffix=-4.9 --enable-shared --enable-linker-build-id --libexecdir=/usr/lib --without-included-gettext --enable-threads=posix --with-gxx-include-dir=/usr/include/c++/4.9 --libdir=/usr/lib --enable-nls --with-sysroot=/ --enable-clocale=gnu --enable-libstdcxx-debug --enable-libstdcxx-time=yes --enable-gnu-unique-object --disable-vtable-verify --enable-plugin --with-system-zlib --disable-browser-plugin --enable-java-awt=gtk --enable-gtk-cairo --with-java-home=/usr/lib/jvm/java-1.5.0-gcj-4.9-amd64/jre --enable-java-home --with-jvm-root-dir=/usr/lib/jvm/java-1.5.0-gcj-4.9-amd64 --with-jvm-jar-dir=/usr/lib/jvm-exports/java-1.5.0-gcj-4.9-amd64 --with-arch-directory=amd64 --with-ecj-jar=/usr/share/java/eclipse-ecj.jar --enable-objc-gc --enable-multiarch --disable-werror --with-arch-32=i686 --with-abi=m64 --with-multilib-list=m32,m64,mx32 --enable-multilib --with-tune=generic --enable-checking=release --build=x86_64-linux-gnu --host=x86_64-linux-gnu --target=x86_64-linux-gnu
Thread model: posix
gcc version 4.9.1 (Ubuntu 4.9.1-16ubuntu6) 
configure:3072: $? = 0
configure:3061: gcc -V >&5
gcc: error: unrecognized command line option '-V'
gcc: fatal error: no input files
compilation terminated.
configure:3072: $? = 4
configure:3061: gcc -qversion >&5
gcc: error: unrecognized command line option '-qversion'
gcc: fatal error: no input files
compilation terminated.
configure:3072: $? = 4
configure:3092: checking whether the C compiler works
configure:3114: gcc    conftest.c  >&5
configure:3118: $? = 0
configure:3166: result: yes
configure:3169: checking for C compiler default output file name
configure:3171: result: a.out
configure:3177: checking for suffix of executables
configure:3184: gcc -o conftest    conftest.c  >&5
configure:3188: $? = 0
configure:3210: result: 
configure:3232: checking whether we are cross compiling
configure:3240: gcc -o conftest    conftest.c  >&5
configure:3244: $? = 0
configure:3251: ./conftest
configure:3255: $? = 0
configure:3270: result: no
configure:3275: checking for suffix of object files
configure:3297: gcc -c   conftest.c >&5
configure:3301: $? = 0
configure:3322: result: o
configure:3326: checking whether we are using the GNU C compiler
configure:3345: gcc -c   conftest.c >&5
configure:3345: $? = 0
configure:3354: result: yes
configure:3363: checking whether gcc accepts -g
configure:3383: gcc -c -g  conftest.c >&5
configure:3383: $? = 0
configure:3424: result: yes
configure:3441: checking for gcc option to accept ISO C89
configure:3504: gcc  -c -g -O2  conftest.c >&5
configure:3504: $? = 0
configure:3517: result: none needed
configure:3542: checking whether gcc understands -c and -o together
configure:3564: gcc -c conftest.c -o conftest2.o
configure:3567: $? = 0
configure:3564: gcc -c conftest.c -o conftest2.o
configure:3567: $? = 0
configure:3579: result: yes
configure:3596: checking for a sed that does not truncate output
configure:3660: result: /bin/sed
configure:3678: checking for grep that handles long lines and -e
configure:3736: result: /bin/grep
configure:3741: checking for egrep
configure:3803: result: /bin/grep -E
configure:3808: checking for fgrep
configure:3870: result: /bin/grep -F
configure:3905: checking for ld used by gcc
configure:3972: result: /usr/bin/ld
configure:3979: checking if the linker (/usr/bin/ld) is GNU ld
configure:3994: result: yes
configure:4006: checking for BSD- or MS-compatible name lister (nm)
configure:4055: result: /usr/bin/nm -B
configure:4185: checking the name lister (/usr/bin/nm -B) interface
configure:4192: gcc -c -g -O2  conftest.c >&5
configure:4195: /usr/bin/nm -B "conftest.o"
configure:4198: output
0000000000000000 B some_variable
configure:4205: result: BSD nm
configure:4208: checking whether ln -s works
configure:4212: result: yes
configure:4220: checking the maximum length of command line arguments
configure:4350: result: 1572864
configure:4367: checking whether the shell understands some XSI constructs
configure:4377: result: yes
configure:4381: checking whether the shell understands "+="
configure:4387: result: yes
configure:4422: checking how to convert x86_64-unknown-linux-gnu file names to x86_64-unknown-linux-gnu format
configure:4462: result: func_convert_file_noop
configure:4469: checking how to convert x86_64-unknown-linux-gnu file names to toolchain format
configure:4489: result: func_convert_file_noop
configure:4496: checking for /usr/bin/ld option to reload object files
configure:4503: result: -r
configure:4577: checking for objdump
configure:4593: found /usr/bin/objdump
configure:4604: result: objdump
configure:4636: checking how to recognize dependent libraries
configure:4838: result: pass_all
configure:4923: checking for dlltool
configure:4953: result: no
configure:4983: checking how to associate runtime and link libraries
configure:5010: result: printf %s\n
configure:5071: checking for ar
configure:5087: found /usr/bin/ar
configure:5098: result: ar
configure:5135: checking for archiver @FILE support
configure:5152: gcc -c -g -O2  conftest.c >&5
configure:5152: $? = 0
configure:5155: ar cru libconftest.a @conftest.lst >&5
configure:5158: $? = 0
configure:5163: ar cru libconftest.a @conftest.lst >&5
ar: conftest.o: No such file or directory
configure:5166: $? = 1
configure:5178: result: @
configure:5236: checking for strip
configure:5252: found /usr/bin/strip
configure:5263: result: strip
configure:5335: checking for ranlib
configure:5351: found /usr/bin/ranlib
configure:5362: result: ranlib
configure:5439: checking for gawk
configure:5469: result: no
configure:5439: checking for mawk
configure:5455: found /usr/bin/mawk
configure:5466: result: mawk
configure:5506: checking command to parse /usr/bin/nm -B output from gcc object
configure:5626: gcc -c -g -O2  conftest.c >&5
configure:5629: $? = 0
configure:5633: /usr/bin/nm -B conftest.o \| sed -n -e 's/^.*[ ]\([ABCDGIRSTW][ABCDGIRSTW]*\)[ ][ ]*\([_A-Za-z][_A-Za-z0-9]*\)$/\1 \2 \2/p' | sed '/ __gnu_lto/d' \> conftest.nm
configure:5636: $? = 0
configure:5702: gcc -o conftest -g -O2   conftest.c conftstm.o >&5
configure:5705: $? = 0
configure:5743: result: ok
configure:5780: checking for sysroot
configure:5810: result: no
configure:5887: gcc -c -g -O2  conftest.c >&5
configure:5890: $? = 0
configure:6066: checking for mt
configure:6082: found /bin/mt
configure:6093: result: mt
configure:6116: checking if mt is a manifest tool
configure:6122: mt '-?'
configure:6130: result: no
configure:6772: checking how to run the C preprocessor
configure:6803: gcc -E  conftest.c
configure:6803: $? = 0
configure:6817: gcc -E  conftest.c
conftest.c:9:28: fatal error: ac_nonexistent.h: No such file or directory
 #include <ac_nonexistent.h>
                            ^
compilation terminated.
configure:6817: $? = 1
configure: failed program was:
| /* confdefs.h */
| #define PACKAGE_NAME "cmappertools"
| #define PACKAGE_TARNAME "cmappertools"
| #define PACKAGE_VERSION "1.0.19"
| #define PACKAGE_STRING "cmappertools 1.0.19"
| #define PACKAGE_BUGREPORT ""
| #define PACKAGE_URL ""
| /* end confdefs.h.  */
| #include <ac_nonexistent.h>
configure:6842: result: gcc -E
configure:6862: gcc -E  conftest.c
configure:6862: $? = 0
configure:6876: gcc -E  conftest.c
conftest.c:9:28: fatal error: ac_nonexistent.h: No such file or directory
 #include <ac_nonexistent.h>
                            ^
compilation terminated.
configure:6876: $? = 1
configure: failed program was:
| /* confdefs.h */
| #define PACKAGE_NAME "cmappertools"
| #define PACKAGE_TARNAME "cmappertools"
| #define PACKAGE_VERSION "1.0.19"
| #define PACKAGE_STRING "cmappertools 1.0.19"
| #define PACKAGE_BUGREPORT ""
| #define PACKAGE_URL ""
| /* end confdefs.h.  */
| #include <ac_nonexistent.h>
configure:6905: checking for ANSI C header files
configure:6925: gcc -c -g -O2  conftest.c >&5
configure:6925: $? = 0
configure:6998: gcc -o conftest -g -O2   conftest.c  >&5
configure:6998: $? = 0
configure:6998: ./conftest
configure:6998: $? = 0
configure:7009: result: yes
configure:7022: checking for sys/types.h
configure:7022: gcc -c -g -O2  conftest.c >&5
configure:7022: $? = 0
configure:7022: result: yes
configure:7022: checking for sys/stat.h
configure:7022: gcc -c -g -O2  conftest.c >&5
configure:7022: $? = 0
configure:7022: result: yes
configure:7022: checking for stdlib.h
configure:7022: gcc -c -g -O2  conftest.c >&5
configure:7022: $? = 0
configure:7022: result: yes
configure:7022: checking for string.h
configure:7022: gcc -c -g -O2  conftest.c >&5
configure:7022: $? = 0
configure:7022: result: yes
configure:7022: checking for memory.h
configure:7022: gcc -c -g -O2  conftest.c >&5
configure:7022: $? = 0
configure:7022: result: yes
configure:7022: checking for strings.h
configure:7022: gcc -c -g -O2  conftest.c >&5
configure:7022: $? = 0
configure:7022: result: yes
configure:7022: checking for inttypes.h
configure:7022: gcc -c -g -O2  conftest.c >&5
configure:7022: $? = 0
configure:7022: result: yes
configure:7022: checking for stdint.h
configure:7022: gcc -c -g -O2  conftest.c >&5
configure:7022: $? = 0
configure:7022: result: yes
configure:7022: checking for unistd.h
configure:7022: gcc -c -g -O2  conftest.c >&5
configure:7022: $? = 0
configure:7022: result: yes
configure:7036: checking for dlfcn.h
configure:7036: gcc -c -g -O2  conftest.c >&5
configure:7036: $? = 0
configure:7036: result: yes
configure:7241: checking for objdir
configure:7256: result: .libs
configure:7527: checking if gcc supports -fno-rtti -fno-exceptions
configure:7545: gcc -c -g -O2  -fno-rtti -fno-exceptions conftest.c >&5
cc1: warning: command line option '-fno-rtti' is valid for C++/ObjC++ but not for C
configure:7549: $? = 0
configure:7562: result: no
configure:7889: checking for gcc option to produce PIC
configure:7896: result: -fPIC -DPIC
configure:7904: checking if gcc PIC flag -fPIC -DPIC works
configure:7922: gcc -c -g -O2  -fPIC -DPIC -DPIC conftest.c >&5
configure:7926: $? = 0
configure:7939: result: yes
configure:7968: checking if gcc static flag -static works
configure:7996: result: yes
configure:8011: checking if gcc supports -c -o file.o
configure:8032: gcc -c -g -O2  -o out/conftest2.o conftest.c >&5
configure:8036: $? = 0
configure:8058: result: yes
configure:8066: checking if gcc supports -c -o file.o
configure:8113: result: yes
configure:8146: checking whether the gcc linker (/usr/bin/ld -m elf_x86_64) supports shared libraries
configure:9299: result: yes
configure:9336: checking whether -lc should be explicitly linked in
configure:9344: gcc -c -g -O2  conftest.c >&5
configure:9347: $? = 0
configure:9362: gcc -shared  -fPIC -DPIC conftest.o  -v -Wl,-soname -Wl,conftest -o conftest 2\>\&1 \| /bin/grep  -lc  \>/dev/null 2\>\&1
configure:9365: $? = 0
configure:9379: result: no
configure:9539: checking dynamic linker characteristics
configure:10050: gcc -o conftest -g -O2   -Wl,-rpath -Wl,/foo conftest.c  >&5
configure:10050: $? = 0
configure:10272: result: GNU/Linux ld.so
configure:10379: checking how to hardcode library paths into programs
configure:10404: result: immediate
configure:10944: checking whether stripping libraries is possible
configure:10949: result: yes
configure:10984: checking if libtool supports shared libraries
configure:10986: result: yes
configure:10989: checking whether to build shared libraries
configure:11010: result: yes
configure:11013: checking whether to build static libraries
configure:11017: result: no
configure:11054: checking target system type
configure:11067: result: x86_64-unknown-linux-gnu
configure:11110: checking for a BSD-compatible install
configure:11178: result: /usr/bin/install -c
configure:11189: checking whether build environment is sane
configure:11244: result: yes
configure:11392: checking for a thread-safe mkdir -p
configure:11431: result: /bin/mkdir -p
configure:11434: checking whether make sets $(MAKE)
configure:11456: result: yes
configure:11486: checking for style of include used by make
configure:11514: result: GNU
configure:11548: checking whether make supports nested variables
configure:11565: result: yes
configure:11650: checking dependency style of gcc
configure:11761: result: gcc3
configure:11876: checking for g++
configure:11892: found /usr/bin/g++
configure:11903: result: g++
configure:11930: checking for C++ compiler version
configure:11939: g++ --version >&5
g++ (Ubuntu 4.9.1-16ubuntu6) 4.9.1
Copyright (C) 2014 Free Software Foundation, Inc.
This is free software; see the source for copying conditions.  There is NO
warranty; not even for MERCHANTABILITY or FITNESS FOR A PARTICULAR PURPOSE.

configure:11950: $? = 0
configure:11939: g++ -v >&5
Using built-in specs.
COLLECT_GCC=g++
COLLECT_LTO_WRAPPER=/usr/lib/gcc/x86_64-linux-gnu/4.9/lto-wrapper
Target: x86_64-linux-gnu
Configured with: ../src/configure -v --with-pkgversion='Ubuntu 4.9.1-16ubuntu6' --with-bugurl=file:///usr/share/doc/gcc-4.9/README.Bugs --enable-languages=c,c++,java,go,d,fortran,objc,obj-c++ --prefix=/usr --program-suffix=-4.9 --enable-shared --enable-linker-build-id --libexecdir=/usr/lib --without-included-gettext --enable-threads=posix --with-gxx-include-dir=/usr/include/c++/4.9 --libdir=/usr/lib --enable-nls --with-sysroot=/ --enable-clocale=gnu --enable-libstdcxx-debug --enable-libstdcxx-time=yes --enable-gnu-unique-object --disable-vtable-verify --enable-plugin --with-system-zlib --disable-browser-plugin --enable-java-awt=gtk --enable-gtk-cairo --with-java-home=/usr/lib/jvm/java-1.5.0-gcj-4.9-amd64/jre --enable-java-home --with-jvm-root-dir=/usr/lib/jvm/java-1.5.0-gcj-4.9-amd64 --with-jvm-jar-dir=/usr/lib/jvm-exports/java-1.5.0-gcj-4.9-amd64 --with-arch-directory=amd64 --with-ecj-jar=/usr/share/java/eclipse-ecj.jar --enable-objc-gc --enable-multiarch --disable-werror --with-arch-32=i686 --with-abi=m64 --with-multilib-list=m32,m64,mx32 --enable-multilib --with-tune=generic --enable-checking=release --build=x86_64-linux-gnu --host=x86_64-linux-gnu --target=x86_64-linux-gnu
Thread model: posix
gcc version 4.9.1 (Ubuntu 4.9.1-16ubuntu6) 
configure:11950: $? = 0
configure:11939: g++ -V >&5
g++: error: unrecognized command line option '-V'
g++: fatal error: no input files
compilation terminated.
configure:11950: $? = 4
configure:11939: g++ -qversion >&5
g++: error: unrecognized command line option '-qversion'
g++: fatal error: no input files
compilation terminated.
configure:11950: $? = 4
configure:11954: checking whether we are using the GNU C++ compiler
configure:11973: g++ -c   conftest.cpp >&5
configure:11973: $? = 0
configure:11982: result: yes
configure:11991: checking whether g++ accepts -g
configure:12011: g++ -c -g  conftest.cpp >&5
configure:12011: $? = 0
configure:12052: result: yes
configure:12093: checking how to run the C++ preprocessor
configure:12120: g++ -E  conftest.cpp
configure:12120: $? = 0
configure:12134: g++ -E  conftest.cpp
conftest.cpp:23:28: fatal error: ac_nonexistent.h: No such file or directory
 #include <ac_nonexistent.h>
                            ^
compilation terminated.
configure:12134: $? = 1
configure: failed program was:
| /* confdefs.h */
| #define PACKAGE_NAME "cmappertools"
| #define PACKAGE_TARNAME "cmappertools"
| #define PACKAGE_VERSION "1.0.19"
| #define PACKAGE_STRING "cmappertools 1.0.19"
| #define PACKAGE_BUGREPORT ""
| #define PACKAGE_URL ""
| #define STDC_HEADERS 1
| #define HAVE_SYS_TYPES_H 1
| #define HAVE_SYS_STAT_H 1
| #define HAVE_STDLIB_H 1
| #define HAVE_STRING_H 1
| #define HAVE_MEMORY_H 1
| #define HAVE_STRINGS_H 1
| #define HAVE_INTTYPES_H 1
| #define HAVE_STDINT_H 1
| #define HAVE_UNISTD_H 1
| #define HAVE_DLFCN_H 1
| #define LT_OBJDIR ".libs/"
| #define PACKAGE "cmappertools"
| #define VERSION "1.0.19"
| /* end confdefs.h.  */
| #include <ac_nonexistent.h>
configure:12159: result: g++ -E
configure:12179: g++ -E  conftest.cpp
configure:12179: $? = 0
configure:12193: g++ -E  conftest.cpp
conftest.cpp:23:28: fatal error: ac_nonexistent.h: No such file or directory
 #include <ac_nonexistent.h>
                            ^
compilation terminated.
configure:12193: $? = 1
configure: failed program was:
| /* confdefs.h */
| #define PACKAGE_NAME "cmappertools"
| #define PACKAGE_TARNAME "cmappertools"
| #define PACKAGE_VERSION "1.0.19"
| #define PACKAGE_STRING "cmappertools 1.0.19"
| #define PACKAGE_BUGREPORT ""
| #define PACKAGE_URL ""
| #define STDC_HEADERS 1
| #define HAVE_SYS_TYPES_H 1
| #define HAVE_SYS_STAT_H 1
| #define HAVE_STDLIB_H 1
| #define HAVE_STRING_H 1
| #define HAVE_MEMORY_H 1
| #define HAVE_STRINGS_H 1
| #define HAVE_INTTYPES_H 1
| #define HAVE_STDINT_H 1
| #define HAVE_UNISTD_H 1
| #define HAVE_DLFCN_H 1
| #define LT_OBJDIR ".libs/"
| #define PACKAGE "cmappertools"
| #define VERSION "1.0.19"
| /* end confdefs.h.  */
| #include <ac_nonexistent.h>
configure:12362: checking for ld used by g++
configure:12429: result: /usr/bin/ld -m elf_x86_64
configure:12436: checking if the linker (/usr/bin/ld -m elf_x86_64) is GNU ld
configure:12451: result: yes
configure:12506: checking whether the g++ linker (/usr/bin/ld -m elf_x86_64) supports shared libraries
configure:13511: result: yes
configure:13547: g++ -c -g -O2  conftest.cpp >&5
configure:13550: $? = 0
configure:14070: checking for g++ option to produce PIC
configure:14077: result: -fPIC -DPIC
configure:14085: checking if g++ PIC flag -fPIC -DPIC works
configure:14103: g++ -c -g -O2  -fPIC -DPIC -DPIC conftest.cpp >&5
configure:14107: $? = 0
configure:14120: result: yes
configure:14143: checking if g++ static flag -static works
configure:14171: result: yes
configure:14183: checking if g++ supports -c -o file.o
configure:14204: g++ -c -g -O2  -o out/conftest2.o conftest.cpp >&5
configure:14208: $? = 0
configure:14230: result: yes
configure:14235: checking if g++ supports -c -o file.o
configure:14282: result: yes
configure:14312: checking whether the g++ linker (/usr/bin/ld -m elf_x86_64) supports shared libraries
configure:14348: result: yes
configure:14489: checking dynamic linker characteristics
configure:15156: result: GNU/Linux ld.so
configure:15209: checking how to hardcode library paths into programs
configure:15234: result: immediate
configure:15276: checking dependency style of g++
configure:15387: result: gcc3
configure:15457: checking for boostlib >= 1.47
configure:15537: g++ -c -g -O2  -I/usr/include conftest.cpp >&5
configure:15537: $? = 0
configure:15539: result: yes
configure:15718: checking whether the Boost::Thread library is available
configure:15750: g++ -c -pthread -g -O2  -I/usr/include conftest.cpp >&5
configure:15750: $? = 0
configure:15765: result: yes
configure:15794: checking for exit in -lboost_thread
configure:15819: g++ -o conftest -g -O2  -I/usr/include  -L/usr/lib/x86_64-linux-gnu conftest.cpp -lboost_thread   >&5
configure:15819: $? = 0
configure:15829: result: yes
configure:15990: checking whether the Boost::Chrono library is available
configure:16014: g++ -c -g -O2  -pthread -I/usr/include conftest.cpp >&5
configure:16014: $? = 0
configure:16029: result: yes
configure:16044: checking for exit in -lboost_chrono
configure:16069: g++ -o conftest -g -O2  -pthread -I/usr/include  -L/usr/lib/x86_64-linux-gnu conftest.cpp -lboost_chrono   >&5
configure:16069: $? = 0
configure:16079: result: yes
configure:16209: checking whether C++ compiler accepts -fvisibility=hidden
configure:16228: g++ -c -g -O2  -fvisibility=hidden  conftest.cpp >&5
configure:16228: $? = 0
configure:16237: result: yes
configure:16250: : extra_compile_args="$extra_compile_args $flag"
configure:16253: $? = 0
configure:16209: checking whether C++ compiler accepts -fno-common
configure:16228: g++ -c -g -O2  -fno-common  conftest.cpp >&5
configure:16228: $? = 0
configure:16237: result: yes
configure:16250: : extra_compile_args="$extra_compile_args $flag"
configure:16253: $? = 0
configure:16209: checking whether C++ compiler accepts -fvisibility-inlines-hidden
configure:16228: g++ -c -g -O2  -fvisibility-inlines-hidden  conftest.cpp >&5
configure:16228: $? = 0
configure:16237: result: yes
configure:16250: : extra_compile_args="$extra_compile_args $flag"
configure:16253: $? = 0
configure:16209: checking whether C++ compiler accepts -ffunction-sections
configure:16228: g++ -c -g -O2  -ffunction-sections  conftest.cpp >&5
configure:16228: $? = 0
configure:16237: result: yes
configure:16250: : extra_compile_args="$extra_compile_args $flag"
configure:16253: $? = 0
configure:16209: checking whether C++ compiler accepts -fdata-sections
configure:16228: g++ -c -g -O2  -fdata-sections  conftest.cpp >&5
configure:16228: $? = 0
configure:16237: result: yes
configure:16250: : extra_compile_args="$extra_compile_args $flag"
configure:16253: $? = 0
configure:16275: checking whether the linker accepts -Wl,--gc-sections
configure:16294: g++ -o conftest -g -O2    -Wl,--gc-sections conftest.cpp  >&5
configure:16294: $? = 0
configure:16304: result: yes
configure:16317: : extra_link_args="$extra_link_args $flag"
configure:16320: $? = 0
configure:16275: checking whether the linker accepts -Wl,-s
configure:16294: g++ -o conftest -g -O2    -Wl,-s conftest.cpp  >&5
configure:16294: $? = 0
configure:16304: result: yes
configure:16317: : extra_link_args="$extra_link_args $flag"
configure:16320: $? = 0
configure:16488: checking that generated files are newer than configure
configure:16494: result: done
configure:16521: creating ./config.status

## ---------------------- ##
## Running config.status. ##
## ---------------------- ##

This file was extended by cmappertools config.status 1.0.19, which was
generated by GNU Autoconf 2.69.  Invocation command line was

  CONFIG_FILES    = 
  CONFIG_HEADERS  = 
  CONFIG_LINKS    = 
  CONFIG_COMMANDS = 
  $ ./config.status 

on tmcroy

config.status:1163: creating Makefile
config.status:1163: creating config.h
config.status:1392: executing libtool commands
config.status:1392: executing depfiles commands

## ---------------- ##
## Cache variables. ##
## ---------------- ##

ac_cv_build=x86_64-unknown-linux-gnu
ac_cv_c_compiler_gnu=yes
ac_cv_cxx_compiler_gnu=yes
ac_cv_env_CCC_set=
ac_cv_env_CCC_value=
ac_cv_env_CC_set=
ac_cv_env_CC_value=
ac_cv_env_CFLAGS_set=
ac_cv_env_CFLAGS_value=
ac_cv_env_CPPFLAGS_set=
ac_cv_env_CPPFLAGS_value=
ac_cv_env_CPP_set=
ac_cv_env_CPP_value=
ac_cv_env_CXXCPP_set=
ac_cv_env_CXXCPP_value=
ac_cv_env_CXXFLAGS_set=
ac_cv_env_CXXFLAGS_value=
ac_cv_env_CXX_set=
ac_cv_env_CXX_value=
ac_cv_env_LDFLAGS_set=
ac_cv_env_LDFLAGS_value=
ac_cv_env_LIBS_set=
ac_cv_env_LIBS_value=
ac_cv_env_PYTHON_set=
ac_cv_env_PYTHON_value=
ac_cv_env_build_alias_set=
ac_cv_env_build_alias_value=
ac_cv_env_host_alias_set=
ac_cv_env_host_alias_value=
ac_cv_env_target_alias_set=
ac_cv_env_target_alias_value=
ac_cv_header_dlfcn_h=yes
ac_cv_header_inttypes_h=yes
ac_cv_header_memory_h=yes
ac_cv_header_stdc=yes
ac_cv_header_stdint_h=yes
ac_cv_header_stdlib_h=yes
ac_cv_header_string_h=yes
ac_cv_header_strings_h=yes
ac_cv_header_sys_stat_h=yes
ac_cv_header_sys_types_h=yes
ac_cv_header_unistd_h=yes
ac_cv_host=x86_64-unknown-linux-gnu
ac_cv_lib_boost_chrono___exit=yes
ac_cv_lib_boost_thread___exit=yes
ac_cv_objext=o
ac_cv_path_EGREP='/bin/grep -E'
ac_cv_path_FGREP='/bin/grep -F'
ac_cv_path_GREP=/bin/grep
ac_cv_path_PYTHON=/usr/bin/python
ac_cv_path_SED=/bin/sed
ac_cv_path_install='/usr/bin/install -c'
ac_cv_path_mkdir=/bin/mkdir
ac_cv_prog_AWK=mawk
ac_cv_prog_CPP='gcc -E'
ac_cv_prog_CXXCPP='g++ -E'
ac_cv_prog_ac_ct_AR=ar
ac_cv_prog_ac_ct_CC=gcc
ac_cv_prog_ac_ct_CXX=g++
ac_cv_prog_ac_ct_MANIFEST_TOOL=mt
ac_cv_prog_ac_ct_OBJDUMP=objdump
ac_cv_prog_ac_ct_RANLIB=ranlib
ac_cv_prog_ac_ct_STRIP=strip
ac_cv_prog_cc_c89=
ac_cv_prog_cc_g=yes
ac_cv_prog_cxx_g=yes
ac_cv_prog_make_make_set=yes
ac_cv_target=x86_64-unknown-linux-gnu
am_cv_CC_dependencies_compiler_type=gcc3
am_cv_CXX_dependencies_compiler_type=gcc3
am_cv_make_support_nested_variables=yes
am_cv_pathless_PYTHON=python
am_cv_prog_cc_c_o=yes
am_cv_python_platform=linux2
am_cv_python_pyexecdir='${exec_prefix}/lib/python2.7/dist-packages'
am_cv_python_pythondir='${prefix}/lib/python2.7/dist-packages'
am_cv_python_version=2.7
ax_cv_boost_chrono=yes
ax_cv_boost_thread=yes
ax_cv_check_cxxflags___fdata_sections=yes
ax_cv_check_cxxflags___ffunction_sections=yes
ax_cv_check_cxxflags___fno_common=yes
ax_cv_check_cxxflags___fvisibility_hidden=yes
ax_cv_check_cxxflags___fvisibility_inlines_hidden=yes
ax_cv_check_ldflags___Wl___gc_sections=yes
ax_cv_check_ldflags___Wl__s=yes
lt_cv_ar_at_file=@
lt_cv_archive_cmds_need_lc=no
lt_cv_deplibs_check_method=pass_all
lt_cv_file_magic_cmd='$MAGIC_CMD'
lt_cv_file_magic_test_file=
lt_cv_ld_reload_flag=-r
lt_cv_nm_interface='BSD nm'
lt_cv_objdir=.libs
lt_cv_path_LD=/usr/bin/ld
lt_cv_path_LDCXX='/usr/bin/ld -m elf_x86_64'
lt_cv_path_NM='/usr/bin/nm -B'
lt_cv_path_mainfest_tool=no
lt_cv_prog_compiler_c_o=yes
lt_cv_prog_compiler_c_o_CXX=yes
lt_cv_prog_compiler_pic='-fPIC -DPIC'
lt_cv_prog_compiler_pic_CXX='-fPIC -DPIC'
lt_cv_prog_compiler_pic_works=yes
lt_cv_prog_compiler_pic_works_CXX=yes
lt_cv_prog_compiler_rtti_exceptions=no
lt_cv_prog_compiler_static_works=yes
lt_cv_prog_compiler_static_works_CXX=yes
lt_cv_prog_gnu_ld=yes
lt_cv_prog_gnu_ldcxx=yes
lt_cv_sharedlib_from_linklib_cmd='printf %s\n'
lt_cv_shlibpath_overrides_runpath=no
lt_cv_sys_global_symbol_pipe='sed -n -e '\''s/^.*[	 ]\([ABCDGIRSTW][ABCDGIRSTW]*\)[	 ][	 ]*\([_A-Za-z][_A-Za-z0-9]*\)$/\1 \2 \2/p'\'' | sed '\''/ __gnu_lto/d'\'''
lt_cv_sys_global_symbol_to_c_name_address='sed -n -e '\''s/^: \([^ ]*\)[ ]*$/  {\"\1\", (void *) 0},/p'\'' -e '\''s/^[ABCDGIRSTW]* \([^ ]*\) \([^ ]*\)$/  {"\2", (void *) \&\2},/p'\'''
lt_cv_sys_global_symbol_to_c_name_address_lib_prefix='sed -n -e '\''s/^: \([^ ]*\)[ ]*$/  {\"\1\", (void *) 0},/p'\'' -e '\''s/^[ABCDGIRSTW]* \([^ ]*\) \(lib[^ ]*\)$/  {"\2", (void *) \&\2},/p'\'' -e '\''s/^[ABCDGIRSTW]* \([^ ]*\) \([^ ]*\)$/  {"lib\2", (void *) \&\2},/p'\'''
lt_cv_sys_global_symbol_to_cdecl='sed -n -e '\''s/^T .* \(.*\)$/extern int \1();/p'\'' -e '\''s/^[ABCDGIRSTW]* .* \(.*\)$/extern char \1;/p'\'''
lt_cv_sys_max_cmd_len=1572864
lt_cv_to_host_file_cmd=func_convert_file_noop
lt_cv_to_tool_file_cmd=func_convert_file_noop

## ----------------- ##
## Output variables. ##
## ----------------- ##

ACLOCAL='${SHELL} /home/tmcroy/mapper/mapper/cmappertools/missing aclocal-1.14'
AMDEPBACKSLASH='\'
AMDEP_FALSE='#'
AMDEP_TRUE=''
AMTAR='$${TAR-tar}'
AM_BACKSLASH='\'
AM_DEFAULT_V='$(AM_DEFAULT_VERBOSITY)'
AM_DEFAULT_VERBOSITY='1'
AM_V='$(V)'
AR='ar'
AUTOCONF='${SHELL} /home/tmcroy/mapper/mapper/cmappertools/missing autoconf'
AUTOHEADER='${SHELL} /home/tmcroy/mapper/mapper/cmappertools/missing autoheader'
AUTOMAKE='${SHELL} /home/tmcroy/mapper/mapper/cmappertools/missing automake-1.14'
AWK='mawk'
BOOST_CHRONO_LIB='-lboost_chrono'
BOOST_CPPFLAGS='-pthread -I/usr/include'
BOOST_LDFLAGS='-L/usr/lib/x86_64-linux-gnu'
BOOST_THREAD_LIB='-lboost_thread'
CC='gcc'
CCDEPMODE='depmode=gcc3'
CFLAGS='-g -O2'
CPP='gcc -E'
CPPFLAGS=''
CXX='g++'
CXXCPP='g++ -E'
CXXDEPMODE='depmode=gcc3'
CXXFLAGS='-g -O2'
CYGPATH_W='echo'
DEFS='-DHAVE_CONFIG_H'
DEPDIR='.deps'
DLLTOOL='false'
DSYMUTIL=''
DUMPBIN=''
ECHO_C=''
ECHO_N='-n'
ECHO_T=''
EGREP='/bin/grep -E'
EXEEXT=''
FGREP='/bin/grep -F'
GREP='/bin/grep'
INSTALL_DATA='${INSTALL} -m 644'
INSTALL_PROGRAM='${INSTALL}'
INSTALL_SCRIPT='${INSTALL}'
INSTALL_STRIP_PROGRAM='$(install_sh) -c -s'
LD='/usr/bin/ld -m elf_x86_64'
LDFLAGS=''
LIBOBJS=''
LIBS=''
LIBTOOL='$(SHELL) $(top_builddir)/libtool'
LIPO=''
LN_S='ln -s'
LTLIBOBJS=''
MAKEINFO='${SHELL} /home/tmcroy/mapper/mapper/cmappertools/missing makeinfo'
MANIFEST_TOOL=':'
MKDIR_P='/bin/mkdir -p'
NM='/usr/bin/nm -B'
NMEDIT=''
OBJDUMP='objdump'
OBJEXT='o'
OTOOL64=''
OTOOL=''
PACKAGE='cmappertools'
PACKAGE_BUGREPORT=''
PACKAGE_NAME='cmappertools'
PACKAGE_STRING='cmappertools 1.0.19'
PACKAGE_TARNAME='cmappertools'
PACKAGE_URL=''
PACKAGE_VERSION='1.0.19'
PATH_SEPARATOR=':'
PYTHON='/usr/bin/python'
PYTHON_EXEC_PREFIX='${exec_prefix}'
PYTHON_PLATFORM='linux2'
PYTHON_PREFIX='${prefix}'
PYTHON_VERSION='2.7'
RANLIB='ranlib'
SED='/bin/sed'
SET_MAKE=''
SHELL='/bin/bash'
STRIP='strip'
VERSION='1.0.19'
ac_ct_AR='ar'
ac_ct_CC='gcc'
ac_ct_CXX='g++'
ac_ct_DUMPBIN=''
am__EXEEXT_FALSE=''
am__EXEEXT_TRUE='#'
am__fastdepCC_FALSE='#'
am__fastdepCC_TRUE=''
am__fastdepCXX_FALSE='#'
am__fastdepCXX_TRUE=''
am__include='include'
am__isrc=''
am__leading_dot='.'
am__nodep='_no'
am__quote=''
am__tar='$${TAR-tar} chof - "$$tardir"'
am__untar='$${TAR-tar} xf -'
bindir='${exec_prefix}/bin'
build='x86_64-unknown-linux-gnu'
build_alias=''
build_cpu='x86_64'
build_os='linux-gnu'
build_vendor='unknown'
datadir='${datarootdir}'
datarootdir='${prefix}/share'
docdir='${datarootdir}/doc/${PACKAGE_TARNAME}'
dvidir='${docdir}'
exec_prefix='${prefix}'
host='x86_64-unknown-linux-gnu'
host_alias=''
host_cpu='x86_64'
host_os='linux-gnu'
host_vendor='unknown'
htmldir='${docdir}'
includedir='${prefix}/include'
infodir='${datarootdir}/info'
install_sh='${SHELL} /home/tmcroy/mapper/mapper/cmappertools/install-sh'
libdir='${exec_prefix}/lib'
libexecdir='${exec_prefix}/libexec'
localedir='${datarootdir}/locale'
localstatedir='${prefix}/var'
mandir='${datarootdir}/man'
mkdir_p='$(MKDIR_P)'
oldincludedir='/usr/include'
pdfdir='${docdir}'
pkgpyexecdir='${pyexecdir}/'
pkgpythondir='${pythondir}/'
prefix='/usr/local'
program_transform_name='s,x,x,'
psdir='${docdir}'
pyexecdir='${exec_prefix}/lib/python2.7/dist-packages'
pythondir='${prefix}/lib/python2.7/dist-packages'
sbindir='${exec_prefix}/sbin'
sharedstatedir='${prefix}/com'
sysconfdir='${prefix}/etc'
target='x86_64-unknown-linux-gnu'
target_alias=''
target_cpu='x86_64'
target_os='linux-gnu'
target_vendor='unknown'

## ----------- ##
## confdefs.h. ##
## ----------- ##

/* confdefs.h */
#define PACKAGE_NAME "cmappertools"
#define PACKAGE_TARNAME "cmappertools"
#define PACKAGE_VERSION "1.0.19"
#define PACKAGE_STRING "cmappertools 1.0.19"
#define PACKAGE_BUGREPORT ""
#define PACKAGE_URL ""
#define STDC_HEADERS 1
#define HAVE_SYS_TYPES_H 1
#define HAVE_SYS_STAT_H 1
#define HAVE_STDLIB_H 1
#define HAVE_STRING_H 1
#define HAVE_MEMORY_H 1
#define HAVE_STRINGS_H 1
#define HAVE_INTTYPES_H 1
#define HAVE_STDINT_H 1
#define HAVE_UNISTD_H 1
#define HAVE_DLFCN_H 1
#define LT_OBJDIR ".libs/"
#define PACKAGE "cmappertools"
#define VERSION "1.0.19"
#define HAVE_BOOST /**/
#define HAVE_BOOST_THREAD /**/
#define HAVE_BOOST_CHRONO /**/

configure: exit 0
